#
# There is insufficient memory for the Java Runtime Environment to continue.
# Native memory allocation (mmap) failed to map 67108864 bytes for G1 virtual space
# Possible reasons:
#   The system is out of physical RAM or swap space
#   The process is running with CompressedOops enabled, and the Java Heap may be blocking the growth of the native heap
# Possible solutions:
#   Reduce memory load on the system
#   Increase physical memory or swap space
#   Check if swap backing store is full
#   Decrease Java heap size (-Xmx/-Xms)
#   Decrease number of Java threads
#   Decrease Java thread stack sizes (-Xss)
#   Set larger code cache with -XX:ReservedCodeCacheSize=
#   JVM is running with Unscaled Compressed Oops mode in which the Java heap is
#     placed in the first 4GB address space. The Java Heap base address is the
#     maximum limit for the native heap growth. Please use -XX:HeapBaseMinAddress
#     to set the Java Heap base and to place the Java Heap above 4GB virtual address.
# This output file may be truncated or incomplete.
#
#  Out of Memory Error (os_windows.cpp:3535), pid=17168, tid=17212
#
# JRE version:  (17.0.3+7) (build )
# Java VM: OpenJDK 64-Bit Server VM (17.0.3+7, mixed mode, sharing, tiered, compressed oops, compressed class ptrs, g1 gc, windows-amd64)
# No core dump will be written. Minidumps are not enabled by default on client versions of Windows
#

---------------  S U M M A R Y ------------

Command Line: -Dfile.encoding=UTF-8 -XX:+ShowCodeDetailsInExceptionMessages erailApplication.ErailWindowHandling

Host: Intel(R) Core(TM) i3-5010U CPU @ 2.10GHz, 4 cores, 3G,  Windows 10 , 64 bit Build 19041 (10.0.19041.3393)
Time: Mon Oct  2 16:54:02 2023 India Standard Time elapsed time: 0.289942 seconds (0d 0h 0m 0s)

---------------  T H R E A D  ---------------

Current thread (0x0000020d76057be0):  JavaThread "Unknown thread" [_thread_in_vm, id=17212, stack(0x0000005e63400000,0x0000005e63500000)]

Stack: [0x0000005e63400000,0x0000005e63500000]
Native frames: (J=compiled Java code, j=interpreted, Vv=VM code, C=native code)
V  [jvm.dll+0x675efa]
V  [jvm.dll+0x830a24]
V  [jvm.dll+0x8321ce]
V  [jvm.dll+0x832833]
V  [jvm.dll+0x2454b5]
V  [jvm.dll+0x672de9]
V  [jvm.dll+0x667732]
V  [jvm.dll+0x3043ab]
V  [jvm.dll+0x30b8f6]
V  [jvm.dll+0x35b62e]
V  [jvm.dll+0x35b85f]
V  [jvm.dll+0x2db248]
V  [jvm.dll+0x2dc1b4]
V  [jvm.dll+0x802651]
V  [jvm.dll+0x3693b1]
V  [jvm.dll+0x7e1aac]
V  [jvm.dll+0x3ebd8f]
V  [jvm.dll+0x3ed911]
C  [jli.dll+0x5277]
C  [ucrtbase.dll+0x21bb2]
C  [KERNEL32.DLL+0x17344]
C  [ntdll.dll+0x526b1]


---------------  P R O C E S S  ---------------

Threads class SMR info:
_java_thread_list=0x00007ff941836e98, length=0, elements={
}

Java Threads: ( => current thread )

Other Threads:
  0x0000020d76095600 GCTaskThread "GC Thread#0" [stack: 0x0000005e63500000,0x0000005e63600000] [id=17216]
  0x0000020d7609e9e0 ConcurrentGCThread "G1 Main Marker" [stack: 0x0000005e63600000,0x0000005e63700000] [id=17220]
  0x0000020d760a06a0 ConcurrentGCThread "G1 Conc#0" [stack: 0x0000005e63700000,0x0000005e63800000] [id=17224]

[error occurred during error reporting (printing all threads), id 0xc0000005, EXCEPTION_ACCESS_VIOLATION (0xc0000005) at pc=0x00007ff94100bcd7]

VM state: not at safepoint (not fully initialized)

VM Mutex/Monitor currently owned by a thread:  ([mutex/lock_event])
[0x0000020d76053c40] Heap_lock - owner thread: 0x0000020d76057be0

Heap address: 0x00000000c1800000, size: 1000 MB, Compressed Oops mode: 32-bit

CDS archive(s) mapped at: [0x0000000000000000-0x0000000000000000-0x0000000000000000), size 0, SharedBaseAddress: 0x0000000800000000, ArchiveRelocationMode: 0.
Narrow klass base: 0x0000000000000000, Narrow klass shift: 0, Narrow klass range: 0x0

GC Precious Log:
<Empty>

Heap:
 garbage-first heap   total 0K, used 0K [0x00000000c1800000, 0x0000000100000000)
  region size 1024K, 0 young (0K), 0 survivors (0K)

[error occurred during error reporting (printing heap information), id 0xc0000005, EXCEPTION_ACCESS_VIOLATION (0xc0000005) at pc=0x00007ff9413ef249]

GC Heap History (0 events):
No events

Deoptimization events (0 events):
No events

Classes unloaded (0 events):
No events

Classes redefined (0 events):
No events

Internal exceptions (0 events):
No events

VM Operations (0 events):
No events

Events (1 events):
Event: 0.012 Loaded shared library E:\Software Testing Class\Software\eclipse-java-2022-06\eclipse\plugins\org.eclipse.justj.openjdk.hotspot.jre.full.win32.x86_64_17.0.3.v20220515-1416\jre\bin\java.dll


Dynamic libraries:
0x00007ff786b90000 - 0x00007ff786b9e000 	E:\Software Testing Class\Software\eclipse-java-2022-06\eclipse\plugins\org.eclipse.justj.openjdk.hotspot.jre.full.win32.x86_64_17.0.3.v20220515-1416\jre\bin\javaw.exe
0x00007ff97cbf0000 - 0x00007ff97cde8000 	C:\WINDOWS\SYSTEM32\ntdll.dll
0x00007ff97c790000 - 0x00007ff97c84d000 	C:\WINDOWS\System32\KERNEL32.DLL
0x00007ff97a300000 - 0x00007ff97a5f6000 	C:\WINDOWS\System32\KERNELBASE.dll
0x00007ff97aa40000 - 0x00007ff97ab40000 	C:\WINDOWS\System32\ucrtbase.dll
0x00007ff96be60000 - 0x00007ff96be79000 	E:\Software Testing Class\Software\eclipse-java-2022-06\eclipse\plugins\org.eclipse.justj.openjdk.hotspot.jre.full.win32.x86_64_17.0.3.v20220515-1416\jre\bin\VCRUNTIME140.dll
0x00007ff96c1e0000 - 0x00007ff96c1f8000 	E:\Software Testing Class\Software\eclipse-java-2022-06\eclipse\plugins\org.eclipse.justj.openjdk.hotspot.jre.full.win32.x86_64_17.0.3.v20220515-1416\jre\bin\jli.dll
0x00007ff97b450000 - 0x00007ff97b5ee000 	C:\WINDOWS\System32\USER32.dll
0x00007ff97a2d0000 - 0x00007ff97a2f2000 	C:\WINDOWS\System32\win32u.dll
0x00007ff97bc30000 - 0x00007ff97bc5c000 	C:\WINDOWS\System32\GDI32.dll
0x00007ff97a6a0000 - 0x00007ff97a7ba000 	C:\WINDOWS\System32\gdi32full.dll
0x00007ff96b860000 - 0x00007ff96bafa000 	C:\WINDOWS\WinSxS\amd64_microsoft.windows.common-controls_6595b64144ccf1df_6.0.19041.1110_none_60b5254171f9507e\COMCTL32.dll
0x00007ff97a600000 - 0x00007ff97a69d000 	C:\WINDOWS\System32\msvcp_win.dll
0x00007ff97bb30000 - 0x00007ff97bbce000 	C:\WINDOWS\System32\msvcrt.dll
0x00007ff97b0b0000 - 0x00007ff97b0e0000 	C:\WINDOWS\System32\IMM32.DLL
0x00007ff975480000 - 0x00007ff97548c000 	E:\Software Testing Class\Software\eclipse-java-2022-06\eclipse\plugins\org.eclipse.justj.openjdk.hotspot.jre.full.win32.x86_64_17.0.3.v20220515-1416\jre\bin\vcruntime140_1.dll
0x00007ff9626e0000 - 0x00007ff962771000 	E:\Software Testing Class\Software\eclipse-java-2022-06\eclipse\plugins\org.eclipse.justj.openjdk.hotspot.jre.full.win32.x86_64_17.0.3.v20220515-1416\jre\bin\msvcp140.dll
0x00007ff940d20000 - 0x00007ff941968000 	E:\Software Testing Class\Software\eclipse-java-2022-06\eclipse\plugins\org.eclipse.justj.openjdk.hotspot.jre.full.win32.x86_64_17.0.3.v20220515-1416\jre\bin\server\jvm.dll
0x00007ff97cb00000 - 0x00007ff97cbae000 	C:\WINDOWS\System32\ADVAPI32.dll
0x00007ff97ac50000 - 0x00007ff97acec000 	C:\WINDOWS\System32\sechost.dll
0x00007ff97ad00000 - 0x00007ff97ae26000 	C:\WINDOWS\System32\RPCRT4.dll
0x00007ff97bf60000 - 0x00007ff97bf68000 	C:\WINDOWS\System32\PSAPI.DLL
0x00007ff9789c0000 - 0x00007ff9789c9000 	C:\WINDOWS\SYSTEM32\WSOCK32.dll
0x00007ff97bf70000 - 0x00007ff97bfdb000 	C:\WINDOWS\System32\WS2_32.dll
0x00007ff975490000 - 0x00007ff9754b7000 	C:\WINDOWS\SYSTEM32\WINMM.dll
0x00007ff96d600000 - 0x00007ff96d60a000 	C:\WINDOWS\SYSTEM32\VERSION.dll
0x00007ff978ae0000 - 0x00007ff978af2000 	C:\WINDOWS\SYSTEM32\kernel.appcore.dll
0x00007ff96ae70000 - 0x00007ff96ae7a000 	E:\Software Testing Class\Software\eclipse-java-2022-06\eclipse\plugins\org.eclipse.justj.openjdk.hotspot.jre.full.win32.x86_64_17.0.3.v20220515-1416\jre\bin\jimage.dll
0x00007ff9787b0000 - 0x00007ff978994000 	C:\WINDOWS\SYSTEM32\DBGHELP.DLL
0x00007ff968c70000 - 0x00007ff968ca4000 	C:\WINDOWS\SYSTEM32\dbgcore.DLL
0x00007ff97abc0000 - 0x00007ff97ac42000 	C:\WINDOWS\System32\bcryptPrimitives.dll
0x00007ff95c320000 - 0x00007ff95c345000 	E:\Software Testing Class\Software\eclipse-java-2022-06\eclipse\plugins\org.eclipse.justj.openjdk.hotspot.jre.full.win32.x86_64_17.0.3.v20220515-1416\jre\bin\java.dll

dbghelp: loaded successfully - version: 4.0.5 - missing functions: none
symbol engine: initialized successfully - sym options: 0x614 - pdb path: .;E:\Software Testing Class\Software\eclipse-java-2022-06\eclipse\plugins\org.eclipse.justj.openjdk.hotspot.jre.full.win32.x86_64_17.0.3.v20220515-1416\jre\bin;C:\WINDOWS\SYSTEM32;C:\WINDOWS\WinSxS\amd64_microsoft.windows.common-controls_6595b64144ccf1df_6.0.19041.1110_none_60b5254171f9507e;E:\Software Testing Class\Software\eclipse-java-2022-06\eclipse\plugins\org.eclipse.justj.openjdk.hotspot.jre.full.win32.x86_64_17.0.3.v20220515-1416\jre\bin\server

VM Arguments:
jvm_args: -Dfile.encoding=UTF-8 -XX:+ShowCodeDetailsInExceptionMessages 
java_command: erailApplication.ErailWindowHandling
java_class_path (initial): E:\Software Testing Class\Workplace\SeleniumBasicProject\bin;E:\Software Testing Class\Workplace\SeleniumBasicProject\jars\async-http-client-2.12.3.jar;E:\Software Testing Class\Workplace\SeleniumBasicProject\jars\async-http-client-netty-utils-2.12.3.jar;E:\Software Testing Class\Workplace\SeleniumBasicProject\jars\auto-service-annotations-1.1.1.jar;E:\Software Testing Class\Workplace\SeleniumBasicProject\jars\byte-buddy-1.14.5.jar;E:\Software Testing Class\Workplace\SeleniumBasicProject\jars\checker-qual-3.33.0.jar;E:\Software Testing Class\Workplace\SeleniumBasicProject\jars\commons-exec-1.3.jar;E:\Software Testing Class\Workplace\SeleniumBasicProject\jars\error_prone_annotations-2.18.0.jar;E:\Software Testing Class\Workplace\SeleniumBasicProject\jars\failsafe-3.3.2.jar;E:\Software Testing Class\Workplace\SeleniumBasicProject\jars\failureaccess-1.0.1.jar;E:\Software Testing Class\Workplace\SeleniumBasicProject\jars\guava-32.1.2-jre.jar;E:\Software Testing Class\Workplace\SeleniumBasicProject\jars\j2objc-annotations-2.8.jar;E:\Software Testing Class\Workplace\SeleniumBasicProject\jars\jakarta.activation-1.2.2.jar;E:\Software Testing Class\Workplace\SeleniumBasicProject\jars\jsr305-3.0.2.jar;E:\Software Testing Class\Workplace\SeleniumBasicProject\jars\listenablefuture-9999.0-empty-to-avoid-conflict-with-guava.jar;E:\Software Testing Class\Workplace\SeleniumBasicProject\jars\netty-buffer-4.1.96.Final.jar;E:\Software Testing Class\Workplace\SeleniumBasicProject\jars\netty-codec-4.1.96.Final.jar;E:\Software Testing Class\Workplace\SeleniumBasicProject\jars\netty-codec-http-4.1.96.Final.jar;E:\Software Testing Class\Workplace\SeleniumBasicProject\jars\netty-codec-socks-4.1.96.Final.jar;E:\Software Testing Class\Workplace\SeleniumBasicProject\jars\netty-common-4.1.96.Final.jar;E:\Software Testing Class\Workplace\SeleniumBasicProject\jars\netty-handler-4.1.96.Final.jar;E:\Software Testing Class\Workplace\SeleniumBasicProject\jars\netty-handle
Launcher Type: SUN_STANDARD

[Global flags]
     intx CICompilerCount                          = 3                                         {product} {ergonomic}
     uint ConcGCThreads                            = 1                                         {product} {ergonomic}
     uint G1ConcRefinementThreads                  = 4                                         {product} {ergonomic}
   size_t G1HeapRegionSize                         = 1048576                                   {product} {ergonomic}
    uintx GCDrainStackTargetSize                   = 64                                        {product} {ergonomic}
   size_t InitialHeapSize                          = 67108864                                  {product} {ergonomic}
   size_t MarkStackSize                            = 4194304                                   {product} {ergonomic}
   size_t MaxHeapSize                              = 1048576000                                {product} {ergonomic}
   size_t MinHeapDeltaBytes                        = 1048576                                   {product} {ergonomic}
   size_t MinHeapSize                              = 8388608                                   {product} {ergonomic}
    uintx NonNMethodCodeHeapSize                   = 5832780                                {pd product} {ergonomic}
    uintx NonProfiledCodeHeapSize                  = 122912730                              {pd product} {ergonomic}
    uintx ProfiledCodeHeapSize                     = 122912730                              {pd product} {ergonomic}
    uintx ReservedCodeCacheSize                    = 251658240                              {pd product} {ergonomic}
     bool SegmentedCodeCache                       = true                                      {product} {ergonomic}
     bool ShowCodeDetailsInExceptionMessages       = true                                   {manageable} {command line}
   size_t SoftMaxHeapSize                          = 1048576000                             {manageable} {ergonomic}
     bool UseCompressedClassPointers               = true                           {product lp64_product} {ergonomic}
     bool UseCompressedOops                        = true                           {product lp64_product} {ergonomic}
     bool UseG1GC                                  = true                                      {product} {ergonomic}
     bool UseLargePagesIndividualAllocation        = false                                  {pd product} {ergonomic}

Logging:
Log output configuration:
 #0: stdout all=warning uptime,level,tags
 #1: stderr all=off uptime,level,tags

Environment Variables:
JAVA_HOME=E:\Software Testing Class\Java
PATH=E:/Software Testing Class/Software/eclipse-java-2022-06/eclipse//plugins/org.eclipse.justj.openjdk.hotspot.jre.full.win32.x86_64_17.0.3.v20220515-1416/jre/bin/server;E:/Software Testing Class/Software/eclipse-java-2022-06/eclipse//plugins/org.eclipse.justj.openjdk.hotspot.jre.full.win32.x86_64_17.0.3.v20220515-1416/jre/bin;C:\Program Files\Common Files\Oracle\Java\javapath;C:\WINDOWS\system32;C:\WINDOWS;C:\WINDOWS\System32\Wbem;C:\WINDOWS\System32\WindowsPowerShell\v1.0\;C:\WINDOWS\System32\OpenSSH\;C:\Program Files\dotnet\;C:\Program Files\MySQL\MySQL Server 8.0\bin;E:\Software Testing Class\Java\bin;C:\apache-maven-3.9.3\bin;C:\Program Files\Git\cmd;C:\Users\MK COMPUTER\AppData\Local\Microsoft\WindowsApps;C:\Users\MK COMPUTER\AppData\Local\Programs\Microsoft VS Code\bin;C:\Program Files\sfdx\bin;;E:\Software Testing Class\Software\eclipse-java-2022-06\eclipse;
USERNAME=MK COMPUTER
OS=Windows_NT
PROCESSOR_IDENTIFIER=Intel64 Family 6 Model 61 Stepping 4, GenuineIntel



---------------  S Y S T E M  ---------------

OS:
 Windows 10 , 64 bit Build 19041 (10.0.19041.3393)
OS uptime: 2 days 17:51 hours

CPU: total 4 (initial active 4) (2 cores per cpu, 2 threads per core) family 6 model 61 stepping 4 microcode 0x2d, cx8, cmov, fxsr, ht, mmx, 3dnowpref, sse, sse2, sse3, ssse3, sse4.1, sse4.2, popcnt, lzcnt, tsc, tscinvbit, avx, avx2, aes, erms, clmul, bmi1, bmi2, adx, fma, vzeroupper, clflush

Memory: 4k page, system-wide physical 3995M (625M free)
TotalPageFile size 8759M (AvailPageFile size 20M)
current process WorkingSet (physical memory assigned to process): 10M, peak: 10M
current process commit charge ("private bytes"): 51M, peak: 115M

vm_info: OpenJDK 64-Bit Server VM (17.0.3+7) for windows-amd64 JRE (17.0.3+7), built on Apr 19 2022 16:55:35 by "" with MS VC++ 16.7 (VS2019)

END.
